Grype Vulnerability Scan Log
Timestamp: Thu Nov 13 09:33:29 CST 2025
Output Directory: ./grype-reports
========================================
Scan type: base-image
Image: nginx:alpine
Image scan completed successfully
Base image nginx:alpine vulnerability scan completed
Scan type: base-image
Image: node:18-alpine
Image scan completed successfully
Base image node:18-alpine vulnerability scan completed
Scan type: base-image
Image: python:3.11-alpine
Image scan completed successfully
Base image python:3.11-alpine vulnerability scan completed
Scan type: base-image
Image: ubuntu:22.04
Image scan completed successfully
Base image ubuntu:22.04 vulnerability scan completed
Scan type: base-image
Image: alpine:latest
Image scan completed successfully
Base image alpine:latest vulnerability scan completed
Filesystem scan target: .
[0000]  WARN no explicit name and version provided for directory source, deriving artifact ID from the given path (which is not ideal)
Filesystem scan completed successfully
[0000]  WARN no explicit name and version provided for directory source, deriving artifact ID from the given path (which is not ideal)
