
-------------------------------------------------------------------------------


----------- SCAN SUMMARY -----------
Known viruses: 8708680
Engine version: 1.5.1
Scanned directories: 89
Scanned files: 368
Infected files: 0
Data scanned: 14.43 MiB
Data read: 7.45 MiB (ratio 1.94:1)
Time: 14.535 sec (0 m 14 s)
Start Date: 2025:11:04 14:47:39
End Date:   2025:11:04 14:47:54

-------------------------------------------------------------------------------


----------- SCAN SUMMARY -----------
Known viruses: 8708680
Engine version: 1.5.1
Scanned directories: 89
Scanned files: 368
Infected files: 0
Data scanned: 14.43 MiB
Data read: 7.45 MiB (ratio 1.94:1)
Time: 11.426 sec (0 m 11 s)
Start Date: 2025:11:04 14:52:05
End Date:   2025:11:04 14:52:16

-------------------------------------------------------------------------------


----------- SCAN SUMMARY -----------
Known viruses: 8708680
Engine version: 1.5.1
Scanned directories: 90
Scanned files: 368
Infected files: 0
Data scanned: 14.43 MiB
Data read: 7.45 MiB (ratio 1.94:1)
Time: 16.314 sec (0 m 16 s)
Start Date: 2025:11:04 15:22:07
End Date:   2025:11:04 15:22:23

-------------------------------------------------------------------------------


----------- SCAN SUMMARY -----------
Known viruses: 8708680
Engine version: 1.5.1
Scanned directories: 90
Scanned files: 368
Infected files: 0
Data scanned: 14.43 MiB
Data read: 7.45 MiB (ratio 1.94:1)
Time: 13.560 sec (0 m 13 s)
Start Date: 2025:11:04 15:31:42
End Date:   2025:11:04 15:31:56

-------------------------------------------------------------------------------


----------- SCAN SUMMARY -----------
Known viruses: 8708680
Engine version: 1.5.1
Scanned directories: 90
Scanned files: 368
Infected files: 0
Data scanned: 14.43 MiB
Data read: 7.45 MiB (ratio 1.94:1)
Time: 13.656 sec (0 m 13 s)
Start Date: 2025:11:04 15:49:35
End Date:   2025:11:04 15:49:49

-------------------------------------------------------------------------------


----------- SCAN SUMMARY -----------
Known viruses: 8708680
Engine version: 1.5.1
Scanned directories: 90
Scanned files: 368
Infected files: 0
Data scanned: 14.43 MiB
Data read: 7.45 MiB (ratio 1.94:1)
Time: 15.696 sec (0 m 15 s)
Start Date: 2025:11:04 16:09:39
End Date:   2025:11:04 16:09:55

-------------------------------------------------------------------------------


----------- SCAN SUMMARY -----------
Known viruses: 8708680
Engine version: 1.5.1
Scanned directories: 88
Scanned files: 276
Infected files: 0
Data scanned: 12.45 MiB
Data read: 6.38 MiB (ratio 1.95:1)
Time: 14.546 sec (0 m 14 s)
Start Date: 2025:11:04 16:17:28
End Date:   2025:11:04 16:17:42

-------------------------------------------------------------------------------


----------- SCAN SUMMARY -----------
Known viruses: 8708680
Engine version: 1.5.1
Scanned directories: 92
Scanned files: 304
Infected files: 0
Data scanned: 7.68 MiB
Data read: 5.02 MiB (ratio 1.53:1)
Time: 15.183 sec (0 m 15 s)
Start Date: 2025:11:04 16:35:50
End Date:   2025:11:04 16:36:05

-------------------------------------------------------------------------------


----------- SCAN SUMMARY -----------
Known viruses: 8708680
Engine version: 1.5.1
Scanned directories: 92
Scanned files: 304
Infected files: 0
Data scanned: 7.77 MiB
Data read: 5.08 MiB (ratio 1.53:1)
Time: 15.761 sec (0 m 15 s)
Start Date: 2025:11:04 17:11:55
End Date:   2025:11:04 17:12:10

-------------------------------------------------------------------------------


----------- SCAN SUMMARY -----------
Known viruses: 8708680
Engine version: 1.5.1
Scanned directories: 92
Scanned files: 304
Infected files: 0
Data scanned: 7.77 MiB
Data read: 5.08 MiB (ratio 1.53:1)
Time: 12.676 sec (0 m 12 s)
Start Date: 2025:11:04 17:51:56
End Date:   2025:11:04 17:52:09

-------------------------------------------------------------------------------


----------- SCAN SUMMARY -----------
Known viruses: 8708680
Engine version: 1.5.1
Scanned directories: 92
Scanned files: 304
Infected files: 0
Data scanned: 7.77 MiB
Data read: 5.08 MiB (ratio 1.53:1)
Time: 13.601 sec (0 m 13 s)
Start Date: 2025:11:04 18:39:00
End Date:   2025:11:04 18:39:14

-------------------------------------------------------------------------------


----------- SCAN SUMMARY -----------
Known viruses: 8708680
Engine version: 1.5.1
Scanned directories: 88
Scanned files: 276
Infected files: 0
Data scanned: 12.45 MiB
Data read: 6.38 MiB (ratio 1.95:1)
Time: 19.907 sec (0 m 19 s)
Start Date: 2025:11:04 18:47:18
End Date:   2025:11:04 18:47:38

-------------------------------------------------------------------------------


----------- SCAN SUMMARY -----------
Known viruses: 8708684
Engine version: 1.5.1
Scanned directories: 424
Scanned files: 1126
Infected files: 0
Data scanned: 586.09 MiB
Data read: 128.48 MiB (ratio 4.56:1)
Time: 59.336 sec (0 m 59 s)
Start Date: 2025:11:05 13:49:05
End Date:   2025:11:05 13:50:04

-------------------------------------------------------------------------------


----------- SCAN SUMMARY -----------
Known viruses: 8708684
Engine version: 1.5.1
Scanned directories: 424
Scanned files: 1126
Infected files: 0
Data scanned: 586.09 MiB
Data read: 128.48 MiB (ratio 4.56:1)
Time: 70.367 sec (1 m 10 s)
Start Date: 2025:11:05 14:31:15
End Date:   2025:11:05 14:32:25

-------------------------------------------------------------------------------


----------- SCAN SUMMARY -----------
Known viruses: 8708684
Engine version: 1.5.1
Scanned directories: 424
Scanned files: 1126
Infected files: 0
Data scanned: 586.09 MiB
Data read: 128.48 MiB (ratio 4.56:1)
Time: 69.572 sec (1 m 9 s)
Start Date: 2025:11:05 14:40:19
End Date:   2025:11:05 14:41:29

-------------------------------------------------------------------------------


----------- SCAN SUMMARY -----------
Known viruses: 8708684
Engine version: 1.5.1
Scanned directories: 424
Scanned files: 1126
Infected files: 0
Data scanned: 586.09 MiB
Data read: 128.48 MiB (ratio 4.56:1)
Time: 72.234 sec (1 m 12 s)
Start Date: 2025:11:05 16:38:03
End Date:   2025:11:05 16:39:15
