
-------------------------------------------------------------------------------


----------- SCAN SUMMARY -----------
Known viruses: 8708684
Engine version: 1.5.1
Scanned directories: 92
Scanned files: 346
Infected files: 0
Data scanned: 5.13 MiB
Data read: 3.62 MiB (ratio 1.42:1)
Time: 14.347 sec (0 m 14 s)
Start Date: 2025:11:05 19:52:23
End Date:   2025:11:05 19:52:37

-------------------------------------------------------------------------------


----------- SCAN SUMMARY -----------
Known viruses: 8708684
Engine version: 1.5.1
Scanned directories: 88
Scanned files: 276
Infected files: 0
Data scanned: 12.45 MiB
Data read: 6.38 MiB (ratio 1.95:1)
Time: 18.482 sec (0 m 18 s)
Start Date: 2025:11:05 20:13:56
End Date:   2025:11:05 20:14:14
